{"E:\\FoodApp\\FoodDeliveryApp\\src\\components\\Body.js": {"path":"E:\\FoodApp\\FoodDeliveryApp\\src\\components\\Body.js","statementMap":{"0":{"start":{"line":8,"column":13},"end":{"line":104,"column":1}},"1":{"start":{"line":9,"column":52},"end":{"line":9,"column":64}},"2":{"start":{"line":10,"column":54},"end":{"line":10,"column":66}},"3":{"start":{"line":11,"column":38},"end":{"line":11,"column":50}},"4":{"start":{"line":13,"column":31},"end":{"line":13,"column":60}},"5":{"start":{"line":14,"column":2},"end":{"line":14,"column":33}},"6":{"start":{"line":15,"column":2},"end":{"line":17,"column":9}},"7":{"start":{"line":16,"column":4},"end":{"line":16,"column":16}},"8":{"start":{"line":19,"column":20},"end":{"line":36,"column":3}},"9":{"start":{"line":20,"column":4},"end":{"line":35,"column":5}},"10":{"start":{"line":21,"column":19},"end":{"line":23,"column":7}},"11":{"start":{"line":25,"column":19},"end":{"line":25,"column":36}},"12":{"start":{"line":26,"column":6},"end":{"line":26,"column":24}},"13":{"start":{"line":28,"column":8},"end":{"line":29,"column":23}},"14":{"start":{"line":31,"column":6},"end":{"line":31,"column":40}},"15":{"start":{"line":32,"column":6},"end":{"line":32,"column":41}},"16":{"start":{"line":34,"column":6},"end":{"line":34,"column":51}},"17":{"start":{"line":38,"column":23},"end":{"line":38,"column":40}},"18":{"start":{"line":39,"column":2},"end":{"line":46,"column":6}},"19":{"start":{"line":40,"column":4},"end":{"line":46,"column":6}},"20":{"start":{"line":47,"column":2},"end":{"line":103,"column":4}},"21":{"start":{"line":59,"column":33},"end":{"line":59,"column":62}},"22":{"start":{"line":63,"column":45},"end":{"line":67,"column":19}},"23":{"start":{"line":64,"column":20},"end":{"line":66,"column":57}},"24":{"start":{"line":68,"column":18},"end":{"line":68,"column":60}},"25":{"start":{"line":77,"column":37},"end":{"line":79,"column":17}},"26":{"start":{"line":78,"column":27},"end":{"line":78,"column":49}},"27":{"start":{"line":80,"column":16},"end":{"line":80,"column":52}},"28":{"start":{"line":88,"column":14},"end":{"line":97,"column":21}}},"fnMap":{"0":{"name":"(anonymous_0)","decl":{"start":{"line":8,"column":13},"end":{"line":8,"column":14}},"loc":{"start":{"line":8,"column":19},"end":{"line":104,"column":1}},"line":8},"1":{"name":"(anonymous_1)","decl":{"start":{"line":15,"column":12},"end":{"line":15,"column":13}},"loc":{"start":{"line":15,"column":18},"end":{"line":17,"column":3}},"line":15},"2":{"name":"(anonymous_2)","decl":{"start":{"line":19,"column":20},"end":{"line":19,"column":21}},"loc":{"start":{"line":19,"column":32},"end":{"line":36,"column":3}},"line":19},"3":{"name":"(anonymous_3)","decl":{"start":{"line":59,"column":26},"end":{"line":59,"column":27}},"loc":{"start":{"line":59,"column":33},"end":{"line":59,"column":62}},"line":59},"4":{"name":"(anonymous_4)","decl":{"start":{"line":62,"column":25},"end":{"line":62,"column":26}},"loc":{"start":{"line":62,"column":31},"end":{"line":69,"column":17}},"line":62},"5":{"name":"(anonymous_5)","decl":{"start":{"line":63,"column":70},"end":{"line":63,"column":71}},"loc":{"start":{"line":64,"column":20},"end":{"line":66,"column":57}},"line":64},"6":{"name":"(anonymous_6)","decl":{"start":{"line":76,"column":23},"end":{"line":76,"column":24}},"loc":{"start":{"line":76,"column":29},"end":{"line":81,"column":15}},"line":76},"7":{"name":"(anonymous_7)","decl":{"start":{"line":78,"column":18},"end":{"line":78,"column":19}},"loc":{"start":{"line":78,"column":27},"end":{"line":78,"column":49}},"line":78},"8":{"name":"(anonymous_8)","decl":{"start":{"line":87,"column":36},"end":{"line":87,"column":37}},"loc":{"start":{"line":88,"column":14},"end":{"line":97,"column":21}},"line":88}},"branchMap":{"0":{"loc":{"start":{"line":39,"column":2},"end":{"line":46,"column":6}},"type":"if","locations":[{"start":{"line":39,"column":2},"end":{"line":46,"column":6}},{"start":{},"end":{}}],"line":39},"1":{"loc":{"start":{"line":49,"column":7},"end":{"line":101,"column":7}},"type":"cond-expr","locations":[{"start":{"line":50,"column":8},"end":{"line":50,"column":19}},{"start":{"line":52,"column":8},"end":{"line":100,"column":11}}],"line":49},"2":{"loc":{"start":{"line":92,"column":17},"end":{"line":96,"column":17}},"type":"cond-expr","locations":[{"start":{"line":93,"column":18},"end":{"line":93,"column":63}},{"start":{"line":95,"column":18},"end":{"line":95,"column":57}}],"line":92}},"s":{"0":1,"1":2,"2":2,"3":2,"4":2,"5":2,"6":2,"7":1,"8":2,"9":1,"10":1,"11":1,"12":1,"13":1,"14":1,"15":1,"16":0,"17":2,"18":2,"19":0,"20":2,"21":0,"22":0,"23":0,"24":0,"25":0,"26":0,"27":0,"28":9},"f":{"0":2,"1":1,"2":1,"3":0,"4":0,"5":0,"6":0,"7":0,"8":9},"b":{"0":[0,2],"1":[1,1],"2":[0,9]},"_coverageSchema":"1a1c01bbd47fc00a2c39e90264f33305004495a9","hash":"c2832e5f2c5099f2af177d19c89ff70d2d701bc1"}
}
