TN:
SF:src\components\Body.js
FN:8,(anonymous_0)
FN:15,(anonymous_1)
FN:19,(anonymous_2)
FN:59,(anonymous_3)
FN:62,(anonymous_4)
FN:63,(anonymous_5)
FN:76,(anonymous_6)
FN:78,(anonymous_7)
FN:87,(anonymous_8)
FNF:9
FNH:4
FNDA:2,(anonymous_0)
FNDA:1,(anonymous_1)
FNDA:1,(anonymous_2)
FNDA:0,(anonymous_3)
FNDA:0,(anonymous_4)
FNDA:0,(anonymous_5)
FNDA:0,(anonymous_6)
FNDA:0,(anonymous_7)
FNDA:9,(anonymous_8)
DA:8,1
DA:9,2
DA:10,2
DA:11,2
DA:13,2
DA:14,2
DA:15,2
DA:16,1
DA:19,2
DA:20,1
DA:21,1
DA:25,1
DA:26,1
DA:28,1
DA:31,1
DA:32,1
DA:34,0
DA:38,2
DA:39,2
DA:40,0
DA:47,2
DA:59,0
DA:63,0
DA:64,0
DA:68,0
DA:77,0
DA:78,0
DA:80,0
DA:88,9
LF:29
LH:20
BRDA:39,0,0,0
BRDA:39,0,1,2
BRDA:49,1,0,1
BRDA:49,1,1,1
BRDA:92,2,0,0
BRDA:92,2,1,9
BRF:6
BRH:4
end_of_record
